app/build_old/intermediates/manifest_merge_blame_file/debug/processDebugMainManifest/manifest-merger-blame-debug-report.txt
1<?xml version="1.0" encoding="utf-8"?>
2<manifest xmlns:android="http://schemas.android.com/apk/res/android"
3    package="com.albertmed.sizlectorcodigos"
4    android:versionCode="1"
5    android:versionName="1.0" >
6
7    <uses-sdk
8        android:minSdkVersion="24"
9        android:targetSdkVersion="35" />
10
11    <uses-permission android:name="android.permission.INTERNET" />
11-->src\main\AndroidManifest.xml:5:5-67
11-->src\main\AndroidManifest.xml:5:22-64
12    <uses-permission android:name="android.permission.CAMERA" />
12-->src\main\AndroidManifest.xml:6:5-65
12-->src\main\AndroidManifest.xml:6:22-62
13
14    <permission
14-->[androidx.core:core:1.10.1] AndroidManifest.xml:22:5-24:47
15        android:name="com.albertmed.sizlectorcodigos.DYNAMIC_RECEIVER_NOT_EXPORTED_PERMISSION"
15-->[androidx.core:core:1.10.1] AndroidManifest.xml:23:9-81
16        android:protectionLevel="signature" />
16-->[androidx.core:core:1.10.1] AndroidManifest.xml:24:9-44
17
18    <uses-permission android:name="com.albertmed.sizlectorcodigos.DYNAMIC_RECEIVER_NOT_EXPORTED_PERMISSION" /> <!-- Although the *SdkVersion is captured in gradle build files, this is required for non gradle builds -->
18-->[androidx.core:core:1.10.1] AndroidManifest.xml:26:5-97
18-->[androidx.core:core:1.10.1] AndroidManifest.xml:26:22-94
19    <!-- <uses-sdk android:minSdkVersion="14"/> -->
20    <uses-permission android:name="android.permission.ACCESS_NETWORK_STATE" />
20-->[com.google.android.datatransport:transport-backend-cct:2.3.3] AndroidManifest.xml:25:5-79
20-->[com.google.android.datatransport:transport-backend-cct:2.3.3] AndroidManifest.xml:25:22-76
21
22    <application
22-->src\main\AndroidManifest.xml:8:5-38:19
23        android:allowBackup="true"
23-->src\main\AndroidManifest.xml:9:9-35
24        android:appComponentFactory="androidx.core.app.CoreComponentFactory"
24-->[androidx.core:core:1.10.1] AndroidManifest.xml:28:18-86
25        android:dataExtractionRules="@xml/data_extraction_rules"
25-->src\main\AndroidManifest.xml:10:9-65
26        android:debuggable="true"
27        android:extractNativeLibs="false"
28        android:fullBackupContent="@xml/backup_rules"
28-->src\main\AndroidManifest.xml:11:9-54
29        android:icon="@mipmap/ic_launcher"
29-->src\main\AndroidManifest.xml:12:9-43
30        android:label="@string/app_name"
30-->src\main\AndroidManifest.xml:13:9-41
31        android:roundIcon="@mipmap/ic_launcher_round"
31-->src\main\AndroidManifest.xml:14:9-54
32        android:supportsRtl="true"
32-->src\main\AndroidManifest.xml:15:9-35
33        android:testOnly="true"
34        android:theme="@style/Theme.SIZLectorCodigos"
34-->src\main\AndroidManifest.xml:16:9-54
35        android:usesCleartextTraffic="true" >
35-->src\main\AndroidManifest.xml:17:9-44
36        <provider
37            android:name="androidx.core.content.FileProvider"
37-->src\main\AndroidManifest.xml:20:13-62
38            android:authorities="com.albertmed.sizlectorcodigos.provider"
38-->src\main\AndroidManifest.xml:21:13-60
39            android:exported="false"
39-->src\main\AndroidManifest.xml:22:13-37
40            android:grantUriPermissions="true" >
40-->src\main\AndroidManifest.xml:23:13-47
41            <meta-data
41-->src\main\AndroidManifest.xml:24:13-26:54
42                android:name="android.support.FILE_PROVIDER_PATHS"
42-->src\main\AndroidManifest.xml:25:17-67
43                android:resource="@xml/file_paths" />
43-->src\main\AndroidManifest.xml:26:17-51
44        </provider>
45
46        <activity
46-->src\main\AndroidManifest.xml:28:9-37:20
47            android:name="com.albertmed.sizlectorcodigos.MainActivity"
47-->src\main\AndroidManifest.xml:29:13-41
48            android:exported="true"
48-->src\main\AndroidManifest.xml:30:13-36
49            android:theme="@style/Theme.SIZLectorCodigos" >
49-->src\main\AndroidManifest.xml:31:13-58
50            <intent-filter>
50-->src\main\AndroidManifest.xml:32:13-36:29
51                <action android:name="android.intent.action.MAIN" />
51-->src\main\AndroidManifest.xml:33:17-69
51-->src\main\AndroidManifest.xml:33:25-66
52
53                <category android:name="android.intent.category.LAUNCHER" />
53-->src\main\AndroidManifest.xml:35:17-77
53-->src\main\AndroidManifest.xml:35:27-74
54            </intent-filter>
55        </activity>
56        <!--
57        Service for holding metadata. Cannot be instantiated.
58        Metadata will be merged from other manifests.
59        -->
60        <service
60-->[androidx.camera:camera-core:1.3.1] AndroidManifest.xml:29:9-33:78
61            android:name="androidx.camera.core.impl.MetadataHolderService"
61-->[androidx.camera:camera-core:1.3.1] AndroidManifest.xml:30:13-75
62            android:enabled="false"
62-->[androidx.camera:camera-core:1.3.1] AndroidManifest.xml:31:13-36
63            android:exported="false" >
63-->[androidx.camera:camera-core:1.3.1] AndroidManifest.xml:32:13-37
64            <meta-data
64-->[androidx.camera:camera-camera2:1.3.1] AndroidManifest.xml:30:13-32:89
65                android:name="androidx.camera.core.impl.MetadataHolderService.DEFAULT_CONFIG_PROVIDER"
65-->[androidx.camera:camera-camera2:1.3.1] AndroidManifest.xml:31:17-103
66                android:value="androidx.camera.camera2.Camera2Config$DefaultProvider" />
66-->[androidx.camera:camera-camera2:1.3.1] AndroidManifest.xml:32:17-86
67        </service>
68
69        <provider
69-->[androidx.emoji2:emoji2:1.2.0] AndroidManifest.xml:24:9-32:20
70            android:name="androidx.startup.InitializationProvider"
70-->[androidx.emoji2:emoji2:1.2.0] AndroidManifest.xml:25:13-67
71            android:authorities="com.albertmed.sizlectorcodigos.androidx-startup"
71-->[androidx.emoji2:emoji2:1.2.0] AndroidManifest.xml:26:13-68
72            android:exported="false" >
72-->[androidx.emoji2:emoji2:1.2.0] AndroidManifest.xml:27:13-37
73            <meta-data
73-->[androidx.emoji2:emoji2:1.2.0] AndroidManifest.xml:29:13-31:52
74                android:name="androidx.emoji2.text.EmojiCompatInitializer"
74-->[androidx.emoji2:emoji2:1.2.0] AndroidManifest.xml:30:17-75
75                android:value="androidx.startup" />
75-->[androidx.emoji2:emoji2:1.2.0] AndroidManifest.xml:31:17-49
76            <meta-data
76-->[androidx.lifecycle:lifecycle-process:2.6.2] AndroidManifest.xml:29:13-31:52
77                android:name="androidx.lifecycle.ProcessLifecycleInitializer"
77-->[androidx.lifecycle:lifecycle-process:2.6.2] AndroidManifest.xml:30:17-78
78                android:value="androidx.startup" />
78-->[androidx.lifecycle:lifecycle-process:2.6.2] AndroidManifest.xml:31:17-49
79            <meta-data
79-->[androidx.profileinstaller:profileinstaller:1.3.0] AndroidManifest.xml:29:13-31:52
80                android:name="androidx.profileinstaller.ProfileInstallerInitializer"
80-->[androidx.profileinstaller:profileinstaller:1.3.0] AndroidManifest.xml:30:17-85
81                android:value="androidx.startup" />
81-->[androidx.profileinstaller:profileinstaller:1.3.0] AndroidManifest.xml:31:17-49
82        </provider>
83
84        <service
84-->[com.google.android.gms:play-services-mlkit-barcode-scanning:18.3.0] AndroidManifest.xml:9:9-15:19
85            android:name="com.google.mlkit.common.internal.MlKitComponentDiscoveryService"
85-->[com.google.android.gms:play-services-mlkit-barcode-scanning:18.3.0] AndroidManifest.xml:10:13-91
86            android:directBootAware="true"
86-->[com.google.mlkit:common:18.9.0] AndroidManifest.xml:17:13-43
87            android:exported="false" >
87-->[com.google.android.gms:play-services-mlkit-barcode-scanning:18.3.0] AndroidManifest.xml:11:13-37
88            <meta-data
88-->[com.google.android.gms:play-services-mlkit-barcode-scanning:18.3.0] AndroidManifest.xml:12:13-14:85
89                android:name="com.google.firebase.components:com.google.mlkit.vision.barcode.internal.BarcodeRegistrar"
89-->[com.google.android.gms:play-services-mlkit-barcode-scanning:18.3.0] AndroidManifest.xml:13:17-120
90                android:value="com.google.firebase.components.ComponentRegistrar" />
90-->[com.google.android.gms:play-services-mlkit-barcode-scanning:18.3.0] AndroidManifest.xml:14:17-82
91            <meta-data
91-->[com.google.mlkit:vision-common:17.3.0] AndroidManifest.xml:12:13-14:85
92                android:name="com.google.firebase.components:com.google.mlkit.vision.common.internal.VisionCommonRegistrar"
92-->[com.google.mlkit:vision-common:17.3.0] AndroidManifest.xml:13:17-124
93                android:value="com.google.firebase.components.ComponentRegistrar" />
93-->[com.google.mlkit:vision-common:17.3.0] AndroidManifest.xml:14:17-82
94            <meta-data
94-->[com.google.mlkit:common:18.9.0] AndroidManifest.xml:20:13-22:85
95                android:name="com.google.firebase.components:com.google.mlkit.common.internal.CommonComponentRegistrar"
95-->[com.google.mlkit:common:18.9.0] AndroidManifest.xml:21:17-120
96                android:value="com.google.firebase.components.ComponentRegistrar" />
96-->[com.google.mlkit:common:18.9.0] AndroidManifest.xml:22:17-82
97        </service>
98
99        <provider
99-->[com.google.mlkit:common:18.9.0] AndroidManifest.xml:9:9-13:38
100            android:name="com.google.mlkit.common.internal.MlKitInitProvider"
100-->[com.google.mlkit:common:18.9.0] AndroidManifest.xml:10:13-78
101            android:authorities="com.albertmed.sizlectorcodigos.mlkitinitprovider"
101-->[com.google.mlkit:common:18.9.0] AndroidManifest.xml:11:13-69
102            android:exported="false"
102-->[com.google.mlkit:common:18.9.0] AndroidManifest.xml:12:13-37
103            android:initOrder="99" />
103-->[com.google.mlkit:common:18.9.0] AndroidManifest.xml:13:13-35
104
105        <activity
105-->[com.google.android.gms:play-services-base:18.1.0] AndroidManifest.xml:20:9-22:45
106            android:name="com.google.android.gms.common.api.GoogleApiActivity"
106-->[com.google.android.gms:play-services-base:18.1.0] AndroidManifest.xml:20:19-85
107            android:exported="false"
107-->[com.google.android.gms:play-services-base:18.1.0] AndroidManifest.xml:22:19-43
108            android:theme="@android:style/Theme.Translucent.NoTitleBar" />
108-->[com.google.android.gms:play-services-base:18.1.0] AndroidManifest.xml:21:19-78
109
110        <meta-data
110-->[com.google.android.gms:play-services-basement:18.1.0] AndroidManifest.xml:21:9-23:69
111            android:name="com.google.android.gms.version"
111-->[com.google.android.gms:play-services-basement:18.1.0] AndroidManifest.xml:22:13-58
112            android:value="@integer/google_play_services_version" />
112-->[com.google.android.gms:play-services-basement:18.1.0] AndroidManifest.xml:23:13-66
113
114        <uses-library
114-->[androidx.window:window:1.0.0] AndroidManifest.xml:25:9-27:40
115            android:name="androidx.window.extensions"
115-->[androidx.window:window:1.0.0] AndroidManifest.xml:26:13-54
116            android:required="false" />
116-->[androidx.window:window:1.0.0] AndroidManifest.xml:27:13-37
117        <uses-library
117-->[androidx.window:window:1.0.0] AndroidManifest.xml:28:9-30:40
118            android:name="androidx.window.sidecar"
118-->[androidx.window:window:1.0.0] AndroidManifest.xml:29:13-51
119            android:required="false" />
119-->[androidx.window:window:1.0.0] AndroidManifest.xml:30:13-37
120
121        <receiver
121-->[androidx.profileinstaller:profileinstaller:1.3.0] AndroidManifest.xml:34:9-52:20
122            android:name="androidx.profileinstaller.ProfileInstallReceiver"
122-->[androidx.profileinstaller:profileinstaller:1.3.0] AndroidManifest.xml:35:13-76
123            android:directBootAware="false"
123-->[androidx.profileinstaller:profileinstaller:1.3.0] AndroidManifest.xml:36:13-44
124            android:enabled="true"
124-->[androidx.profileinstaller:profileinstaller:1.3.0] AndroidManifest.xml:37:13-35
125            android:exported="true"
125-->[androidx.profileinstaller:profileinstaller:1.3.0] AndroidManifest.xml:38:13-36
126            android:permission="android.permission.DUMP" >
126-->[androidx.profileinstaller:profileinstaller:1.3.0] AndroidManifest.xml:39:13-57
127            <intent-filter>
127-->[androidx.profileinstaller:profileinstaller:1.3.0] AndroidManifest.xml:40:13-42:29
128                <action android:name="androidx.profileinstaller.action.INSTALL_PROFILE" />
128-->[androidx.profileinstaller:profileinstaller:1.3.0] AndroidManifest.xml:41:17-91
128-->[androidx.profileinstaller:profileinstaller:1.3.0] AndroidManifest.xml:41:25-88
129            </intent-filter>
130            <intent-filter>
130-->[androidx.profileinstaller:profileinstaller:1.3.0] AndroidManifest.xml:43:13-45:29
131                <action android:name="androidx.profileinstaller.action.SKIP_FILE" />
131-->[androidx.profileinstaller:profileinstaller:1.3.0] AndroidManifest.xml:44:17-85
131-->[androidx.profileinstaller:profileinstaller:1.3.0] AndroidManifest.xml:44:25-82
132            </intent-filter>
133            <intent-filter>
133-->[androidx.profileinstaller:profileinstaller:1.3.0] AndroidManifest.xml:46:13-48:29
134                <action android:name="androidx.profileinstaller.action.SAVE_PROFILE" />
134-->[androidx.profileinstaller:profileinstaller:1.3.0] AndroidManifest.xml:47:17-88
134-->[androidx.profileinstaller:profileinstaller:1.3.0] AndroidManifest.xml:47:25-85
135            </intent-filter>
136            <intent-filter>
136-->[androidx.profileinstaller:profileinstaller:1.3.0] AndroidManifest.xml:49:13-51:29
137                <action android:name="androidx.profileinstaller.action.BENCHMARK_OPERATION" />
137-->[androidx.profileinstaller:profileinstaller:1.3.0] AndroidManifest.xml:50:17-95
137-->[androidx.profileinstaller:profileinstaller:1.3.0] AndroidManifest.xml:50:25-92
138            </intent-filter>
139        </receiver>
140
141        <service
141-->[com.google.android.datatransport:transport-backend-cct:2.3.3] AndroidManifest.xml:29:9-35:19
142            android:name="com.google.android.datatransport.runtime.backends.TransportBackendDiscovery"
142-->[com.google.android.datatransport:transport-backend-cct:2.3.3] AndroidManifest.xml:30:13-103
143            android:exported="false" >
143-->[com.google.android.datatransport:transport-backend-cct:2.3.3] AndroidManifest.xml:31:13-37
144            <meta-data
144-->[com.google.android.datatransport:transport-backend-cct:2.3.3] AndroidManifest.xml:32:13-34:39
145                android:name="backend:com.google.android.datatransport.cct.CctBackendFactory"
145-->[com.google.android.datatransport:transport-backend-cct:2.3.3] AndroidManifest.xml:33:17-94
146                android:value="cct" />
146-->[com.google.android.datatransport:transport-backend-cct:2.3.3] AndroidManifest.xml:34:17-36
147        </service>
148        <service
148-->[com.google.android.datatransport:transport-runtime:2.2.6] AndroidManifest.xml:26:9-30:19
149            android:name="com.google.android.datatransport.runtime.scheduling.jobscheduling.JobInfoSchedulerService"
149-->[com.google.android.datatransport:transport-runtime:2.2.6] AndroidManifest.xml:27:13-117
150            android:exported="false"
150-->[com.google.android.datatransport:transport-runtime:2.2.6] AndroidManifest.xml:28:13-37
151            android:permission="android.permission.BIND_JOB_SERVICE" >
151-->[com.google.android.datatransport:transport-runtime:2.2.6] AndroidManifest.xml:29:13-69
152        </service>
153
154        <receiver
154-->[com.google.android.datatransport:transport-runtime:2.2.6] AndroidManifest.xml:32:9-34:40
155            android:name="com.google.android.datatransport.runtime.scheduling.jobscheduling.AlarmManagerSchedulerBroadcastReceiver"
155-->[com.google.android.datatransport:transport-runtime:2.2.6] AndroidManifest.xml:33:13-132
156            android:exported="false" />
156-->[com.google.android.datatransport:transport-runtime:2.2.6] AndroidManifest.xml:34:13-37
157    </application>
158
159</manifest>